[01:29:43] [ServerMain/INFO]: [bootstrap] Running Java 21 (OpenJDK 64-Bit Server VM 21.0.5+11-Ubuntu-1ubuntu120.04; Ubuntu null) on Linux 6.5.0-1025-azure (amd64)
[01:29:43] [ServerMain/INFO]: [bootstrap] Loading Paper 1.21.3-63-master@4190ee7 (2024-11-25T18:59:19Z) for Minecraft 1.21.3
[01:29:43] [ServerMain/INFO]: [PluginInitializerManager] Initializing plugins...
[01:29:46] [ServerMain/INFO]: [PluginInitializerManager] Initialized 14 plugins
[01:29:46] [ServerMain/INFO]: [PluginInitializerManager] Paper plugins (1):
 - Minepacks (2.4.31.4-T20240629215752)
[01:29:46] [ServerMain/INFO]: [PluginInitializerManager] Bukkit plugins (13):
 - AngelChest (13.9.0), Craftorithm (1.10.12-20241117), ExcellentEnchants (4.3.1), FastAsyncWorldEdit (2.12.3-SNAPSHOT-986;a2a5545), LoginSecurity (3.3.0), NBTAPI (2.14.0), ProtocolLib (5.3.0), RedisTrade (BETA8), SetHome (1.7.3), SetSpawn (5.3), Shopkeepers (2.23.2), SkinsRestorer (15.4.4), SmoothTimber (1.27.2)
[01:29:52] [ServerMain/INFO]: Environment: Environment[sessionHost=https://sessionserver.mojang.com, servicesHost=https://api.minecraftservices.com, name=PROD]
[01:29:54] [ServerMain/INFO]: Loaded 1337 recipes
[01:29:54] [ServerMain/INFO]: Loaded 1448 advancements
[01:29:55] [Server thread/INFO]: Starting minecraft server version 1.21.3
[01:29:55] [Server thread/INFO]: Loading properties
[01:29:55] [Server thread/INFO]: This server is running Paper version 1.21.3-63-master@4190ee7 (2024-11-25T18:59:19Z) (Implementing API version 1.21.3-R0.1-SNAPSHOT)
[01:29:56] [Server thread/INFO]: [spark] This server bundles the spark profiler. For more information please visit https://docs.papermc.io/paper/profiling
[01:29:56] [Server thread/INFO]: Server Ping Player Sample Count: 12
[01:29:56] [Server thread/INFO]: Using 4 threads for Netty based IO
[01:29:56] [Server thread/INFO]: [MoonriseCommon] Paper is using 1 worker threads, 1 I/O threads
[01:29:56] [Server thread/INFO]: [ChunkTaskScheduler] Chunk system is using population gen parallelism: true
[01:29:56] [Server thread/INFO]: Default game type: SURVIVAL
[01:29:56] [Server thread/INFO]: Generating keypair
[01:29:56] [Server thread/INFO]: Starting Minecraft server on *:25565
[01:29:56] [Server thread/INFO]: Using epoll channel type
[01:29:56] [Server thread/INFO]: Paper: Using libdeflate (Linux x86_64) compression from Velocity.
[01:29:56] [Server thread/INFO]: Paper: Using OpenSSL 1.1.x (Linux x86_64) cipher from Velocity.
[01:29:56] [Server thread/ERROR]: [ModernPluginLoadingStrategy] Could not load 'plugins/.paper-remapped/RedisTrade-BETA8.jar' in 'plugins/.paper-remapped'
org.bukkit.plugin.UnknownDependencyException: Unknown/missing dependency plugins: [Vault]. Please download and install these plugins to run 'RedisTrade'.
	at io.papermc.paper.plugin.entrypoint.strategy.modern.ModernPluginLoadingStrategy.loadProviders(ModernPluginLoadingStrategy.java:82) ~[paper-1.21.3.jar:1.21.3-63-4190ee7]
	at io.papermc.paper.plugin.storage.SimpleProviderStorage.enter(SimpleProviderStorage.java:38) ~[paper-1.21.3.jar:1.21.3-63-4190ee7]
	at io.papermc.paper.plugin.entrypoint.LaunchEntryPointHandler.enter(LaunchEntryPointHandler.java:40) ~[paper-1.21.3.jar:1.21.3-63-4190ee7]
	at org.bukkit.craftbukkit.CraftServer.loadPlugins(CraftServer.java:561) ~[paper-1.21.3.jar:1.21.3-63-4190ee7]
	at net.minecraft.server.dedicated.DedicatedServer.initServer(DedicatedServer.java:289) ~[paper-1.21.3.jar:1.21.3-63-4190ee7]
	at net.minecraft.server.MinecraftServer.runServer(MinecraftServer.java:1234) ~[paper-1.21.3.jar:1.21.3-63-4190ee7]
	at net.minecraft.server.MinecraftServer.lambda$spin$0(MinecraftServer.java:340) ~[paper-1.21.3.jar:1.21.3-63-4190ee7]
	at java.base/java.lang.Thread.run(Thread.java:1583) ~[?:?]
[01:29:56] [Server thread/ERROR]: [ModernPluginLoadingStrategy] Could not load 'plugins/.paper-remapped/ExcellentEnchants-4.3.1.jar' in 'plugins/.paper-remapped'
org.bukkit.plugin.UnknownDependencyException: Unknown/missing dependency plugins: [nightcore]. Please download and install these plugins to run 'ExcellentEnchants'.
	at io.papermc.paper.plugin.entrypoint.strategy.modern.ModernPluginLoadingStrategy.loadProviders(ModernPluginLoadingStrategy.java:82) ~[paper-1.21.3.jar:1.21.3-63-4190ee7]
	at io.papermc.paper.plugin.storage.SimpleProviderStorage.enter(SimpleProviderStorage.java:38) ~[paper-1.21.3.jar:1.21.3-63-4190ee7]
	at io.papermc.paper.plugin.entrypoint.LaunchEntryPointHandler.enter(LaunchEntryPointHandler.java:40) ~[paper-1.21.3.jar:1.21.3-63-4190ee7]
	at org.bukkit.craftbukkit.CraftServer.loadPlugins(CraftServer.java:561) ~[paper-1.21.3.jar:1.21.3-63-4190ee7]
	at net.minecraft.server.dedicated.DedicatedServer.initServer(DedicatedServer.java:289) ~[paper-1.21.3.jar:1.21.3-63-4190ee7]
	at net.minecraft.server.MinecraftServer.runServer(MinecraftServer.java:1234) ~[paper-1.21.3.jar:1.21.3-63-4190ee7]
	at net.minecraft.server.MinecraftServer.lambda$spin$0(MinecraftServer.java:340) ~[paper-1.21.3.jar:1.21.3-63-4190ee7]
	at java.base/java.lang.Thread.run(Thread.java:1583) ~[?:?]
[01:29:56] [Server thread/INFO]: [Minepacks] PCGF-PluginLib not installed. Switching to standalone mode!
[01:29:58] [Server thread/INFO]: [ProtocolLib] Loading server plugin ProtocolLib v5.3.0
[01:29:58] [Server thread/WARN]: [ProtocolLib] Version (MC: 1.21.3) has not yet been tested! Proceed with caution.
[01:29:59] [Server thread/INFO]: [Minepacks] Loading server plugin Minepacks v2.4.31.4-T20240629215752
[01:29:59] [Server thread/INFO]: [FastAsyncWorldEdit] Loading server plugin FastAsyncWorldEdit v2.12.3-SNAPSHOT-986;a2a5545
[01:30:00] [Server thread/INFO]: Got request to register class com.sk89q.worldedit.bukkit.BukkitServerInterface with WorldEdit [com.sk89q.worldedit.extension.platform.PlatformManager@6946b28f]
[01:30:00] [Server thread/INFO]: [AngelChest] Loading server plugin AngelChest v13.9.0
[01:30:00] [Server thread/INFO]: [NBTAPI] Loading server plugin NBTAPI v2.14.0
[01:30:00] [Server thread/INFO]: [NBTAPI] [NBTAPI] Found Minecraft: 1.21.3! Trying to find NMS support
[01:30:00] [Server thread/INFO]: [NBTAPI] [NBTAPI] NMS support 'MC1_21_R2' loaded!
[01:30:00] [Server thread/INFO]: [NBTAPI] [NBTAPI] Using the plugin 'NBTAPI' to create a bStats instance!
[01:30:00] [Server thread/INFO]: [Craftorithm] Loading server plugin Craftorithm v1.10.12-20241117
[01:30:00] [Server thread/INFO]: [SmoothTimber] Loading server plugin SmoothTimber v1.27.2
[01:30:00] [Server thread/INFO]: [Shopkeepers] Loading server plugin Shopkeepers v2.23.2
[01:30:00] [Thread-7/INFO]: [NBTAPI] [NBTAPI] The NBT-API seems to be up-to-date!
[01:30:01] [Server thread/INFO]: [Shopkeepers] Loaded all plugin classes (800 ms).
[01:30:01] [Server thread/INFO]: [Shopkeepers] Loading config.
[01:30:01] [Server thread/INFO]: [Shopkeepers] Loading language file: language-en-default.yml
[01:30:01] [Server thread/INFO]: [Shopkeepers] Registering defaults.
[01:30:01] [Server thread/INFO]: [SkinsRestorer] Loading server plugin SkinsRestorer v15.4.4
[01:30:01] [Server thread/INFO]: [LoginSecurity] Loading server plugin LoginSecurity v3.3.0
[01:30:01] [Server thread/INFO]: [SetHome] Loading server plugin SetHome v1.7.3
[01:30:01] [Server thread/INFO]: [SetSpawn] Loading server plugin SetSpawn v5.3
[01:30:01] [Server thread/INFO]: Server permissions file permissions.yml is empty, ignoring it
[01:30:01] [Server thread/INFO]: [ProtocolLib] Enabling ProtocolLib v5.3.0
[01:30:01] [Server thread/INFO]: [FastAsyncWorldEdit] Enabling FastAsyncWorldEdit v2.12.3-SNAPSHOT-986;a2a5545
[01:30:01] [Server thread/INFO]: [com.fastasyncworldedit.core.Fawe] LZ4 Compression Binding loaded successfully
[01:30:01] [Server thread/INFO]: [com.fastasyncworldedit.core.Fawe] ZSTD Compression Binding loaded successfully
[01:30:01] [Server thread/INFO]: Registering commands with com.sk89q.worldedit.bukkit.BukkitServerInterface
[01:30:01] [Server thread/INFO]: WEPIF: Using the Bukkit Permissions API.
[01:30:02] [Server thread/INFO]: Using com.sk89q.worldedit.bukkit.adapter.impl.fawe.v1_21_3.PaperweightFaweAdapter as the Bukkit adapter
[01:30:03] [Server thread/INFO]: [SkinsRestorer] Enabling SkinsRestorer v15.4.4
[01:30:04] [Server thread/WARN]: [SkinsRestorer] You must agree to the rules at 'commands.perSkinPermissionsConsent' in the config to use per skin permissions.
[01:30:04] [Server thread/INFO]: [SkinsRestorer] Running on Minecraft 1.21.3.
[01:30:05] [Server thread/INFO]: [SkinsRestorer] Using paper join listener!
[01:30:05] [Server thread/WARN]: **** SERVER IS RUNNING IN OFFLINE/INSECURE MODE!
[01:30:05] [Server thread/WARN]: The server will make no attempt to authenticate usernames. Beware.
[01:30:05] [Server thread/WARN]: While this makes the game possible to play without internet access, it also opens up the ability for hackers to connect with any username they choose.
[01:30:05] [Server thread/WARN]: To change this, set "online-mode" to "true" in the server.properties file.
[01:30:05] [Server thread/INFO]: Preparing level "world"
[01:30:05] [Folia Async Scheduler Thread #1/INFO]: [SkinsRestorer] ----------------------------------------------
[01:30:05] [Folia Async Scheduler Thread #1/INFO]: [SkinsRestorer]     +==================+
[01:30:05] [Folia Async Scheduler Thread #1/INFO]: [SkinsRestorer]     |   SkinsRestorer  |
[01:30:05] [Folia Async Scheduler Thread #1/INFO]: [SkinsRestorer]     |------------------|
[01:30:05] [Folia Async Scheduler Thread #1/INFO]: [SkinsRestorer]     |  Standalone Mode |
[01:30:05] [Folia Async Scheduler Thread #1/INFO]: [SkinsRestorer]     +==================+
[01:30:05] [Folia Async Scheduler Thread #1/INFO]: [SkinsRestorer] ----------------------------------------------
[01:30:05] [Folia Async Scheduler Thread #1/INFO]: [SkinsRestorer]     Version: 15.4.4
[01:30:05] [Folia Async Scheduler Thread #1/INFO]: [SkinsRestorer]     Commit: dc501c7
[01:30:05] [Folia Async Scheduler Thread #1/INFO]: [SkinsRestorer]     This is the latest version!
[01:30:05] [Folia Async Scheduler Thread #1/INFO]: [SkinsRestorer] ----------------------------------------------
[01:30:05] [Folia Async Scheduler Thread #1/INFO]: [SkinsRestorer] Do you have issues? Read our troubleshooting guide: https://skinsrestorer.net/docs/troubleshooting
[01:30:05] [Folia Async Scheduler Thread #1/INFO]: [SkinsRestorer] Want to support SkinsRestorer? Consider donating: https://skinsrestorer.net/donate
[01:30:06] [Server thread/INFO]: Preparing start region for dimension minecraft:overworld
[01:30:06] [Paper Common Worker #0/INFO]: [MCTypeRegistry] Initialising converters for DataConverter...
[01:30:07] [Paper Common Worker #0/INFO]: [MCTypeRegistry] Finished initialising converters for DataConverter in 818.9ms
[01:30:07] [Server thread/INFO]: Preparing spawn area: 0%
[01:30:07] [Server thread/INFO]: Preparing spawn area: 0%
[01:30:07] [Server thread/INFO]: Preparing spawn area: 0%
[01:30:08] [Server thread/INFO]: Preparing spawn area: 0%
[01:30:08] [Server thread/INFO]: Preparing spawn area: 0%
[01:30:08] [Server thread/INFO]: Time elapsed: 2107 ms
[01:30:08] [Server thread/INFO]: Preparing start region for dimension minecraft:the_nether
[01:30:08] [Server thread/INFO]: Preparing spawn area: 0%
[01:30:08] [Server thread/INFO]: Time elapsed: 337 ms
[01:30:08] [Server thread/INFO]: Preparing start region for dimension minecraft:the_end
[01:30:08] [Server thread/INFO]: Preparing spawn area: 0%
[01:30:09] [Server thread/INFO]: Time elapsed: 287 ms
[01:30:09] [Server thread/INFO]: [Minepacks] Enabling Minepacks v2.4.31.4-T20240629215752
[01:30:09] [Server thread/INFO]: [Minepacks] Starting Minepacks in standalone mode!
[01:30:09] [Server thread/INFO]: [Minepacks] Config file successfully loaded.
[01:30:09] [Server thread/WARN]: [Minepacks] ################################
[01:30:09] [Server thread/WARN]: [Minepacks] Your minecraft version (MC 1.21.3-63-4190ee7 (MC: 1.21.3)) is currently not compatible with this plugins version (2.4.31.4-T20240629215752). Please check for updates!
[01:30:09] [Server thread/WARN]: [Minepacks] ################################
[01:30:14] [Server thread/INFO]: [Minepacks]  Minepacks has been disabled.  :( 
[01:30:14] [Server thread/INFO]: [AngelChest] Enabling AngelChest v13.9.0
[01:30:14] [Server thread/INFO]: [AngelChest] groups.yml does not exist, skipping custom group settings.
[01:30:14] [Server thread/INFO]: [AngelChest] blacklist.yml does not exist, disabling item blacklist.
[01:30:14] [Server thread/INFO]: [AngelChest] Not using premium version, disabling Graveyards feature
[01:30:14] [Server thread/WARN]: [AngelChest] Could not add usage/description to command acopen
[01:30:14] [Server thread/INFO]: [AngelChest] Vault not installed, disabling economy functions.
[01:30:14] [Server thread/INFO]: [AngelChest] [ACF] Enabled Asynchronous Tab Completion Support!
[01:30:14] [Server thread/INFO]: [AngelChest] Successfully enabled AngelChest v13.9.0 (Premium: false)
[01:30:14] [Server thread/INFO]: [NBTAPI] Enabling NBTAPI v2.14.0
[01:30:14] [Server thread/INFO]: [NBTAPI] Checking bindings...
[01:30:14] [Server thread/INFO]: [NBTAPI] All Classes were able to link!
[01:30:14] [Server thread/INFO]: [NBTAPI] All Methods were able to link!
[01:30:14] [Server thread/INFO]: [NBTAPI] Running NBT reflection test...
[01:30:16] [Server thread/INFO]: [NBTAPI] Success! This version of NBT-API is compatible with your server.
[01:30:16] [Server thread/INFO]: [Craftorithm] Enabling Craftorithm v1.10.12-20241117
[01:30:16] [Server thread/INFO]: [Craftorithm] Plugin NeigeItems not found.
[01:30:16] [Server thread/INFO]: [Craftorithm] Plugin EcoItems not found.
[01:30:16] [Server thread/INFO]: [Craftorithm] Plugin ExecutableItems not found.
[01:30:16] [Server thread/INFO]: [Craftorithm] Plugin ItemsAdder not found.
[01:30:16] [Server thread/INFO]: [Craftorithm] Plugin MMOItems not found.
[01:30:16] [Server thread/INFO]: [Craftorithm] Plugin MythicMobs not found.
[01:30:16] [Server thread/INFO]: [Craftorithm] Plugin Oraxen not found.
[01:30:16] [Server thread/INFO]: [Craftorithm] Plugin PlayerPoints not found.
[01:30:16] [Server thread/INFO]: [Craftorithm] Plugin Vault not found.
[01:30:16] [Server thread/INFO]: [SmoothTimber] Enabling SmoothTimber v1.27.2
[01:30:16] [Server thread/INFO]: SmoothTimber || You're currently using the supported Minecraft Version 1.21.3 (Core v1_20x)
[01:30:16] [Server thread/INFO]: [Shopkeepers] Enabling Shopkeepers v2.23.2
[01:30:16] [Server thread/INFO]: [LoginSecurity] Enabling LoginSecurity v3.3.0
[01:30:16] [Server thread/INFO]: [LoginSecurity] Loading base translations from "en_us"
[01:30:16] [Server thread/INFO]: [LoginSecurity] Loading specified translations from "en_us"
[01:30:16] [Server thread/INFO]: [LoginSecurity] Registering commands...
[01:30:16] [Server thread/INFO]: [LoginSecurity] Registering listeners...
[01:30:16] [Server thread/INFO]: [LoginSecurity] Using 1.12+ map captcha renderer
[01:30:16] [Server thread/INFO]: [SetHome] Enabling SetHome v1.7.3
[01:30:16] [Server thread/INFO]: [SetSpawn] Enabling SetSpawn v5.3
[01:30:16] [Server thread/INFO]: [SetSpawn] Enabled!
[01:30:17] [Server thread/INFO]: [spark] Starting background profiler...
[01:30:17] [Server thread/INFO]: Done preparing level "world" (12.138s)
[01:30:17] [Server thread/INFO]: Running delayed init tasks
[01:30:17] [Server thread/INFO]: [Craftorithm] Plugin loaded successfully.
[01:30:17] [Server thread/INFO]: Done (36.509s)! For help, type "help"
[01:30:20] [Server thread/INFO]: [AngelChest] ========================================================
[01:30:20] [Server thread/INFO]: [AngelChest] You are using the free version of AngelChest. There is
[01:30:20] [Server thread/INFO]: [AngelChest] also a premium version available, called AngelChestPlus.
[01:30:20] [Server thread/INFO]: [AngelChest] It includes TONS of new features and exclusive Discord
[01:30:20] [Server thread/INFO]: [AngelChest] support. The free version will still receive bugfixes,
[01:30:20] [Server thread/INFO]: [AngelChest] but there won't be ANY new features!
[01:30:20] [Server thread/INFO]: [AngelChest] If you like AngelChest, you will LOVE AngelChestPlus, so
[01:30:20] [Server thread/INFO]: [AngelChest] please consider upgrading! Thank you for using AngelChest.
[01:30:20] [Server thread/INFO]: [AngelChest] 
[01:30:20] [Server thread/INFO]: [AngelChest] https://www.spigotmc.org/resources/88214
[01:30:20] [Server thread/INFO]: [AngelChest] ========================================================
[01:30:32] [User Authenticator #0/INFO]: UUID of player mosquitomole is cc5d21d9-07d4-351a-8fa2-8533d8c673b2
[01:30:34] [Server thread/INFO]: mosquitomole joined the game
[01:30:34] [Server thread/INFO]: mosquitomole[/127.109.151.165:58317] logged in with entity id 65 at ([world]68.04416090049209, 92.0, -6.6784333301798835)
[01:30:52] [Server thread/INFO]: mosquitomole issued server command: /time set day
[01:30:52] [Server thread/INFO]: [mosquitomole: Set the time to 1000]
[01:31:23] [Server thread/INFO]: mosquitomole issued server command: /packet
[01:31:33] [Server thread/INFO]: mosquitomole issued server command: /packet_filter
[01:31:39] [Server thread/INFO]: mosquitomole issued server command: /packetlog
[01:31:48] [Server thread/INFO]: mosquitomole issued server command: /packet mosquitomole 1
[01:33:15] [Server thread/INFO]: mosquitomole issued server command: /backpack
[01:35:45] [Server thread/INFO]: mosquitomole issued server command: /backpack help
